2026-04-16T09:51:00.206877588Z [info] Starting Container
2026-04-16T09:51:00.666080813Z [info] Wallet balances
2026-04-16T09:51:00.666088254Z [info] ◇ injected env (0) from .env // tip: ◈ secrets for agents [www.dotenvx.com]
2026-04-16T09:51:00.666088268Z [info] === Keeper cycle start ===
2026-04-16T09:51:00.666093336Z [info] Fetching scores from API
2026-04-16T09:51:00.666095859Z [info] Basis Keeper starting
2026-04-16T09:51:00.666100246Z [info] Keeper wallet address
2026-04-16T09:51:00.666103655Z [error] ALERT: Keeper started. Interval: 3600s. Wallet: 0x2dF0f62D1861Aa59A4430e3B2b2E7a0D29Cb723b
2026-04-16T09:51:00.919782087Z [info] Fetched API scores
2026-04-16T09:51:00.919786229Z [info] Dynamic token map includes new tokens not in static map
2026-04-16T09:51:00.963516252Z [error] Unhandled error in keeper cycle
2026-04-16T09:51:00.963522209Z [error] ALERT: Unhandled error in keeper cycle
2026-04-16T09:51:01.019765261Z [info] Wallet balances
2026-04-16T09:51:01.019768665Z [info] Sleeping 3600s until next cycle
2026-04-16T10:51:09.772676726Z [info] === Keeper cycle start ===
2026-04-16T10:51:09.772681583Z [info] Fetching scores from API
2026-04-16T10:51:09.772686876Z [info] Fetched API scores
2026-04-16T10:51:09.772690940Z [info] Dynamic token map includes new tokens not in static map
2026-04-16T10:51:09.772695738Z [error] Unhandled error in keeper cycle
2026-04-16T10:51:09.772699834Z [error] ALERT: Unhandled error in keeper cycle
2026-04-16T10:51:09.772704392Z [info] Wallet balances
2026-04-16T10:51:09.772708658Z [info] Sleeping 3600s until next cycle
